<?xml version="1.0" encoding="UTF-8" ?>
<testsuite tests="2" failures="2" name="org.books.persistence.OrderDaoTest" time="0.198" errors="0" skipped="0">
  <properties>
[...]
</properties>
  <testcase classname="org.books.persistence.OrderDaoTest" name="testSearchByCustomerAndYear" time="0.084">
    <failure type="java.lang.AssertionError">java.lang.AssertionError
	at org.junit.Assert.fail(Assert.java:92)
	at org.junit.Assert.assertTrue(Assert.java:43)
	at org.junit.Assert.assertTrue(Assert.java:54)
	at org.books.persistence.OrderDaoTest.testSearchByCustomerAndYear(OrderDaoTest.java:39)
	at sun.reflect.NativeMethodAccessorImpl.invoke0(Native Method)
	at sun.reflect.NativeMethodAccessorImpl.invoke(NativeMethodAccessorImpl.java:62)
	at sun.reflect.DelegatingMethodAccessorImpl.invoke(DelegatingMethodAccessorImpl.java:43)
	at java.lang.reflect.Method.invoke(Method.java:497)
	at org.junit.runners.model.FrameworkMethod$1.runReflectiveCall(FrameworkMethod.java:45)
	at org.junit.internal.runners.model.ReflectiveCallable.run(ReflectiveCallable.java:15)
	at org.junit.runners.model.FrameworkMethod.invokeExplosively(FrameworkMethod.java:42)
	at org.junit.internal.runners.statements.InvokeMethod.evaluate(InvokeMethod.java:20)
	at org.junit.runners.ParentRunner.runLeaf(ParentRunner.java:263)
	at org.junit.runners.BlockJUnit4ClassRunner.runChild(BlockJUnit4ClassRunner.java:68)
	at org.junit.runners.BlockJUnit4ClassRunner.runChild(BlockJUnit4ClassRunner.java:47)
	at org.junit.runners.ParentRunner$3.run(ParentRunner.java:231)
	at org.junit.runners.ParentRunner$1.schedule(ParentRunner.java:60)
	at org.junit.runners.ParentRunner.runChildren(ParentRunner.java:229)
	at org.junit.runners.ParentRunner.access$000(ParentRunner.java:50)
	at org.junit.runners.ParentRunner$2.evaluate(ParentRunner.java:222)
	at org.junit.internal.runners.statements.RunBefores.evaluate(RunBefores.java:28)
	at org.junit.internal.runners.statements.RunAfters.evaluate(RunAfters.java:30)
	at org.junit.runners.ParentRunner.run(ParentRunner.java:300)
	at org.apache.maven.surefire.junit4.JUnit4TestSet.execute(JUnit4TestSet.java:53)
	at org.apache.maven.surefire.junit4.JUnit4Provider.executeTestSet(JUnit4Provider.java:123)
	at org.apache.maven.surefire.junit4.JUnit4Provider.invoke(JUnit4Provider.java:104)
	at sun.reflect.NativeMethodAccessorImpl.invoke0(Native Method)
	at sun.reflect.NativeMethodAccessorImpl.invoke(NativeMethodAccessorImpl.java:62)
	at sun.reflect.DelegatingMethodAccessorImpl.invoke(DelegatingMethodAccessorImpl.java:43)
	at java.lang.reflect.Method.invoke(Method.java:497)
	at org.apache.maven.surefire.util.ReflectionUtils.invokeMethodWithArray(ReflectionUtils.java:164)
	at org.apache.maven.surefire.booter.ProviderFactory$ProviderProxy.invoke(ProviderFactory.java:110)
	at org.apache.maven.surefire.booter.SurefireStarter.invokeProvider(SurefireStarter.java:175)
	at org.apache.maven.surefire.booter.SurefireStarter.runSuitesInProcessWhenForked(SurefireStarter.java:107)
	at org.apache.maven.surefire.booter.ForkedBooter.main(ForkedBooter.java:68)
</failure>
    <system-out>[EL Fine]: sql: 2015-12-14 21:03:33.185--ClientSession(1485129132)--Connection(99219259)--Thread(Thread[main,5,main])--DELETE FROM ORDERITEM
[EL Fine]: sql: 2015-12-14 21:03:33.187--ClientSession(1485129132)--Connection(99219259)--Thread(Thread[main,5,main])--DELETE FROM BOOK
[EL Fine]: sql: 2015-12-14 21:03:33.189--ClientSession(1485129132)--Connection(99219259)--Thread(Thread[main,5,main])--DELETE FROM BOOKORDER
[EL Fine]: sql: 2015-12-14 21:03:33.19--ClientSession(1485129132)--Connection(99219259)--Thread(Thread[main,5,main])--DELETE FROM CUSTOMER
[EL Fine]: sql: 2015-12-14 21:03:33.194--ClientSession(1485129132)--Connection(99219259)--Thread(Thread[main,5,main])--DELETE FROM LOGIN
[EL Fine]: sql: 2015-12-14 21:03:33.425--ServerSession(825658265)--Connection(99219259)--Thread(Thread[main,5,main])--SELECT ID, EMAIL, FIRSTNAME, LASTNAME, CITY, COUNTRY, POSTALCODE, STREET, EXPIRATIONMONTH, EXPIRATIONYEAR, NUMBER, TYPE FROM CUSTOMER WHERE (ID = ?)
	bind =&gt; [42]
[EL Fine]: sql: 2015-12-14 21:03:33.428--ServerSession(825658265)--Connection(99219259)--Thread(Thread[main,5,main])--SELECT ID, EMAIL, FIRSTNAME, LASTNAME, CITY, COUNTRY, POSTALCODE, STREET, EXPIRATIONMONTH, EXPIRATIONYEAR, NUMBER, TYPE FROM CUSTOMER WHERE (ID = ?)
	bind =&gt; [84]
[EL Fine]: sql: 2015-12-14 21:03:33.429--ClientSession(1485129132)--Connection(99219259)--Thread(Thread[main,5,main])--INSERT INTO BOOKORDER (ID, AMOUNT, ORDER_DATE, ORDER_NUMBER, STATUS, CITY, COUNTRY, POSTALCODE, STREET, EXPIRATIONMONTH, EXPIRATIONYEAR, NUMBER, TYPE, CUSTOMER_ID) VALUES (?, ?, ?, ?, ?, ?, ?, ?, ?, ?, ?, ?, ?, ?)
	bind =&gt; [10005, 77.1, 2014-09-23 02:00:00.0, 3333-001, accepted, Verrebroek, Korea, South, 7245, P.O. Box 162, 3979 Aliquet Rd., 11, 2014, 5520341523175640, MasterCard, 84]
[EL Fine]: sql: 2015-12-14 21:03:33.431--ClientSession(1485129132)--Connection(99219259)--Thread(Thread[main,5,main])--INSERT INTO BOOKORDER (ID, AMOUNT, ORDER_DATE, ORDER_NUMBER, STATUS, CITY, COUNTRY, POSTALCODE, STREET, EXPIRATIONMONTH, EXPIRATIONYEAR, NUMBER, TYPE, CUSTOMER_ID) VALUES (?, ?, ?, ?, ?, ?, ?, ?, ?, ?, ?, ?, ?, ?)
	bind =&gt; [10004, 28.15, 2014-09-23 02:00:00.0, 2222-001, accepted, Akola, Guinea-Bissau, 56968, Ap #266-8829 Ipsum Rd., 11, 2014, 5553826954946740, MasterCard, 42]
[EL Fine]: sql: 2015-12-14 21:03:33.436--ServerSession(825658265)--Connection(99219259)--Thread(Thread[main,5,main])--SELECT ID, EMAIL, FIRSTNAME, LASTNAME, CITY, COUNTRY, POSTALCODE, STREET, EXPIRATIONMONTH, EXPIRATIONYEAR, NUMBER, TYPE FROM CUSTOMER WHERE (UCASE(EMAIL) = UCASE(bonds_mother@007.ch))
[EL Fine]: sql: 2015-12-14 21:03:33.442--ServerSession(825658265)--Connection(99219259)--Thread(Thread[main,5,main])--SELECT ID, ORDER_NUMBER, ORDER_DATE, AMOUNT, STATUS FROM BOOKORDER WHERE ((ORDER_DATE BETWEEN ? AND ?) AND (CUSTOMER_ID = ?))
	bind =&gt; [2014-01-01 00:00:00.441, 2014-12-31 00:00:00.441, null]
[EL Fine]: sql: 2015-12-14 21:03:33.515--ServerSession(825658265)--Connection(99219259)--Thread(Thread[main,5,main])--SELECT ID, ORDER_NUMBER, ORDER_DATE, AMOUNT, STATUS FROM BOOKORDER WHERE ((ORDER_DATE BETWEEN ? AND ?) AND (CUSTOMER_ID = ?))
	bind =&gt; [1999-01-01 00:00:00.514, 1999-12-31 00:00:00.514, null]
</system-out>
  </testcase>
  <testcase classname="org.books.persistence.OrderDaoTest" name="testGetByNumber" time="0.008">
    <failure message="expected:&lt;[Bonds_Mother]&gt; but was:&lt;[Nomlanga]&gt;" type="org.junit.ComparisonFailure">org.junit.ComparisonFailure: expected:&lt;[Bonds_Mother]&gt; but was:&lt;[Nomlanga]&gt;
	at org.junit.Assert.assertEquals(Assert.java:125)
	at org.junit.Assert.assertEquals(Assert.java:147)
	at org.books.persistence.OrderDaoTest.testGetByNumber(OrderDaoTest.java:25)
	at sun.reflect.NativeMethodAccessorImpl.invoke0(Native Method)
	at sun.reflect.NativeMethodAccessorImpl.invoke(NativeMethodAccessorImpl.java:62)
	at sun.reflect.DelegatingMethodAccessorImpl.invoke(DelegatingMethodAccessorImpl.java:43)
	at java.lang.reflect.Method.invoke(Method.java:497)
	at org.junit.runners.model.FrameworkMethod$1.runReflectiveCall(FrameworkMethod.java:45)
	at org.junit.internal.runners.model.ReflectiveCallable.run(ReflectiveCallable.java:15)
	at org.junit.runners.model.FrameworkMethod.invokeExplosively(FrameworkMethod.java:42)
	at org.junit.internal.runners.statements.InvokeMethod.evaluate(InvokeMethod.java:20)
	at org.junit.runners.ParentRunner.runLeaf(ParentRunner.java:263)
	at org.junit.runners.BlockJUnit4ClassRunner.runChild(BlockJUnit4ClassRunner.java:68)
	at org.junit.runners.BlockJUnit4ClassRunner.runChild(BlockJUnit4ClassRunner.java:47)
	at org.junit.runners.ParentRunner$3.run(ParentRunner.java:231)
	at org.junit.runners.ParentRunner$1.schedule(ParentRunner.java:60)
	at org.junit.runners.ParentRunner.runChildren(ParentRunner.java:229)
	at org.junit.runners.ParentRunner.access$000(ParentRunner.java:50)
	at org.junit.runners.ParentRunner$2.evaluate(ParentRunner.java:222)
	at org.junit.internal.runners.statements.RunBefores.evaluate(RunBefores.java:28)
	at org.junit.internal.runners.statements.RunAfters.evaluate(RunAfters.java:30)
	at org.junit.runners.ParentRunner.run(ParentRunner.java:300)
	at org.apache.maven.surefire.junit4.JUnit4TestSet.execute(JUnit4TestSet.java:53)
	at org.apache.maven.surefire.junit4.JUnit4Provider.executeTestSet(JUnit4Provider.java:123)
	at org.apache.maven.surefire.junit4.JUnit4Provider.invoke(JUnit4Provider.java:104)
	at sun.reflect.NativeMethodAccessorImpl.invoke0(Native Method)
	at sun.reflect.NativeMethodAccessorImpl.invoke(NativeMethodAccessorImpl.java:62)
	at sun.reflect.DelegatingMethodAccessorImpl.invoke(DelegatingMethodAccessorImpl.java:43)
	at java.lang.reflect.Method.invoke(Method.java:497)
	at org.apache.maven.surefire.util.ReflectionUtils.invokeMethodWithArray(ReflectionUtils.java:164)
	at org.apache.maven.surefire.booter.ProviderFactory$ProviderProxy.invoke(ProviderFactory.java:110)
	at org.apache.maven.surefire.booter.SurefireStarter.invokeProvider(SurefireStarter.java:175)
	at org.apache.maven.surefire.booter.SurefireStarter.runSuitesInProcessWhenForked(SurefireStarter.java:107)
	at org.apache.maven.surefire.booter.ForkedBooter.main(ForkedBooter.java:68)
</failure>
    <system-out>[EL Fine]: sql: 2015-12-14 21:03:33.52--ServerSession(825658265)--Connection(99219259)--Thread(Thread[main,5,main])--SELECT ID, AMOUNT, ORDER_DATE, ORDER_NUMBER, STATUS, CITY, COUNTRY, POSTALCODE, STREET, EXPIRATIONMONTH, EXPIRATIONYEAR, NUMBER, TYPE, CUSTOMER_ID FROM BOOKORDER WHERE (UCASE(ORDER_NUMBER) = UCASE(3333-001))
</system-out>
  </testcase>
</testsuite>